2026-06-29 18:41:50,559 - INFO - [Listener] Calibrating microphone for ambient noise (1 second)...
2026-06-29 18:41:51,913 - INFO - [Listener] Listening for wake phrase: "wake up"
2026-06-29 18:41:51,913 - INFO - [Listener] Hold SPACE for 3 seconds to show Assistant.
2026-06-29 18:41:51,913 - INFO - [Listener] Press Ctrl+C to stop.

2026-06-29 18:41:58,030 - INFO - [Listener] Heard: wake up
2026-06-29 18:41:58,030 - INFO - [Listener] Wake phrase detected!
2026-06-29 18:41:58,030 - INFO - [Listener] Triggering http://127.0.0.1:5678/show ...
2026-06-29 18:42:00,035 - ERROR - [Listener] Failed to notify assistant. It might not be ready yet. Error: HTTPConnectionPool(host='127.0.0.1', port=5678): Max retries exceeded with url: /show (Caused by ConnectTimeoutError(<urllib3.connection.HTTPConnection object at 0x0000014770069EE0>, 'Connection to 127.0.0.1 timed out. (connect timeout=2)'))
2026-06-29 18:43:00,359 - ERROR - Traceback (most recent call last):
2026-06-29 18:43:00,359 - ERROR -   File "C:\Users\2422068\Documents\Creation\siri_windows_edition\listener\listener.py", line 131, in <module>
2026-06-29 18:43:00,360 - ERROR - listen_loop()
2026-06-29 18:43:00,360 - ERROR -   File "C:\Users\2422068\Documents\Creation\siri_windows_edition\listener\listener.py", line 103, in listen_loop
2026-06-29 18:43:00,361 - ERROR - audio = recognizer.listen(source, timeout=5, phrase_time_limit=4)
2026-06-29 18:43:00,361 - ERROR - ^
2026-06-29 18:43:00,361 - ERROR - ^
2026-06-29 18:43:00,361 - ERROR - ^
2026-06-29 18:43:00,361 - ERROR - ^
2026-06-29 18:43:00,361 - ERROR - ^
2026-06-29 18:43:00,361 - ERROR - ^
2026-06-29 18:43:00,361 - ERROR - ^
2026-06-29 18:43:00,361 - ERROR - ^
2026-06-29 18:43:00,361 - ERROR - ^
2026-06-29 18:43:00,362 - ERROR - ^
2026-06-29 18:43:00,362 - ERROR - ^
2026-06-29 18:43:00,362 - ERROR - ^
2026-06-29 18:43:00,362 - ERROR - ^
2026-06-29 18:43:00,362 - ERROR - ^
2026-06-29 18:43:00,362 - ERROR - ^
2026-06-29 18:43:00,362 - ERROR - ^
2026-06-29 18:43:00,362 - ERROR - ^
2026-06-29 18:43:00,362 - ERROR - ^
2026-06-29 18:43:00,362 - ERROR - ^
2026-06-29 18:43:00,362 - ERROR - ^
2026-06-29 18:43:00,362 - ERROR - ^
2026-06-29 18:43:00,362 - ERROR - ^
2026-06-29 18:43:00,362 - ERROR - ^
2026-06-29 18:43:00,362 - ERROR - ^
2026-06-29 18:43:00,362 - ERROR - ^
2026-06-29 18:43:00,362 - ERROR - ^
2026-06-29 18:43:00,362 - ERROR - ^
2026-06-29 18:43:00,362 - ERROR - ^
2026-06-29 18:43:00,362 - ERROR - ^
2026-06-29 18:43:00,362 - ERROR - ^
2026-06-29 18:43:00,362 - ERROR - ^
2026-06-29 18:43:00,362 - ERROR - ^
2026-06-29 18:43:00,362 - ERROR - ^
2026-06-29 18:43:00,362 - ERROR - ^
2026-06-29 18:43:00,362 - ERROR - ^
2026-06-29 18:43:00,362 - ERROR - ^
2026-06-29 18:43:00,362 - ERROR - ^
2026-06-29 18:43:00,362 - ERROR - ^
2026-06-29 18:43:00,362 - ERROR - ^
2026-06-29 18:43:00,362 - ERROR - ^
2026-06-29 18:43:00,362 - ERROR - ^
2026-06-29 18:43:00,362 - ERROR - ^
2026-06-29 18:43:00,363 - ERROR - ^
2026-06-29 18:43:00,363 - ERROR - ^
2026-06-29 18:43:00,363 - ERROR - ^
2026-06-29 18:43:00,363 - ERROR - ^
2026-06-29 18:43:00,363 - ERROR - ^
2026-06-29 18:43:00,363 - ERROR - ^
2026-06-29 18:43:00,363 - ERROR - ^
2026-06-29 18:43:00,363 - ERROR - ^
2026-06-29 18:43:00,363 - ERROR - ^
2026-06-29 18:43:00,363 - ERROR - ^
2026-06-29 18:43:00,363 - ERROR - ^
2026-06-29 18:43:00,363 - ERROR - ^
2026-06-29 18:43:00,363 - ERROR - ^
2026-06-29 18:43:00,363 - ERROR - ^
2026-06-29 18:43:00,363 - ERROR - ^
2026-06-29 18:43:00,363 - ERROR -   File "C:\Users\2422068\AppData\Local\Programs\Python\Python312\Lib\site-packages\speech_recognition\__init__.py", line 462, in listen
2026-06-29 18:43:00,375 - ERROR - for a in result:
2026-06-29 18:43:00,375 - ERROR - ^
2026-06-29 18:43:00,375 - ERROR - ^
2026-06-29 18:43:00,375 - ERROR - ^
2026-06-29 18:43:00,384 - ERROR - ^
2026-06-29 18:43:00,384 - ERROR - ^
2026-06-29 18:43:00,384 - ERROR - ^
2026-06-29 18:43:00,384 - ERROR -   File "C:\Users\2422068\AppData\Local\Programs\Python\Python312\Lib\site-packages\speech_recognition\__init__.py", line 494, in _listen
2026-06-29 18:43:00,384 - ERROR - buffer = source.stream.read(source.CHUNK)
2026-06-29 18:43:00,384 - ERROR - ^
2026-06-29 18:43:00,384 - ERROR - ^
2026-06-29 18:43:00,384 - ERROR - ^
2026-06-29 18:43:00,384 - ERROR - ^
2026-06-29 18:43:00,384 - ERROR - ^
2026-06-29 18:43:00,384 - ERROR - ^
2026-06-29 18:43:00,384 - ERROR - ^
2026-06-29 18:43:00,384 - ERROR - ^
2026-06-29 18:43:00,384 - ERROR - ^
2026-06-29 18:43:00,384 - ERROR - ^
2026-06-29 18:43:00,384 - ERROR - ^
2026-06-29 18:43:00,384 - ERROR - ^
2026-06-29 18:43:00,384 - ERROR - ^
2026-06-29 18:43:00,384 - ERROR - ^
2026-06-29 18:43:00,384 - ERROR - ^
2026-06-29 18:43:00,384 - ERROR - ^
2026-06-29 18:43:00,384 - ERROR - ^
2026-06-29 18:43:00,384 - ERROR - ^
2026-06-29 18:43:00,384 - ERROR - ^
2026-06-29 18:43:00,384 - ERROR - ^
2026-06-29 18:43:00,384 - ERROR - ^
2026-06-29 18:43:00,384 - ERROR - ^
2026-06-29 18:43:00,384 - ERROR - ^
2026-06-29 18:43:00,384 - ERROR - ^
2026-06-29 18:43:00,384 - ERROR - ^
2026-06-29 18:43:00,384 - ERROR - ^
2026-06-29 18:43:00,384 - ERROR - ^
2026-06-29 18:43:00,384 - ERROR - ^
2026-06-29 18:43:00,384 - ERROR - ^
2026-06-29 18:43:00,384 - ERROR - ^
2026-06-29 18:43:00,384 - ERROR - ^
2026-06-29 18:43:00,384 - ERROR - ^
2026-06-29 18:43:00,384 - ERROR -   File "C:\Users\2422068\AppData\Local\Programs\Python\Python312\Lib\site-packages\speech_recognition\__init__.py", line 193, in read
2026-06-29 18:43:00,384 - ERROR - return self.pyaudio_stream.read(size, exception_on_overflow=False)
2026-06-29 18:43:00,384 - ERROR - ^
2026-06-29 18:43:00,384 - ERROR - ^
2026-06-29 18:43:00,384 - ERROR - ^
2026-06-29 18:43:00,384 - ERROR - ^
2026-06-29 18:43:00,384 - ERROR - ^
2026-06-29 18:43:00,384 - ERROR - ^
2026-06-29 18:43:00,384 - ERROR - ^
2026-06-29 18:43:00,384 - ERROR - ^
2026-06-29 18:43:00,384 - ERROR - ^
2026-06-29 18:43:00,384 - ERROR - ^
2026-06-29 18:43:00,384 - ERROR - ^
2026-06-29 18:43:00,384 - ERROR - ^
2026-06-29 18:43:00,384 - ERROR - ^
2026-06-29 18:43:00,384 - ERROR - ^
2026-06-29 18:43:00,384 - ERROR - ^
2026-06-29 18:43:00,384 - ERROR - ^
2026-06-29 18:43:00,384 - ERROR - ^
2026-06-29 18:43:00,384 - ERROR - ^
2026-06-29 18:43:00,384 - ERROR - ^
2026-06-29 18:43:00,384 - ERROR - ^
2026-06-29 18:43:00,384 - ERROR - ^
2026-06-29 18:43:00,386 - ERROR - ^
2026-06-29 18:43:00,386 - ERROR - ^
2026-06-29 18:43:00,386 - ERROR - ^
2026-06-29 18:43:00,386 - ERROR - ^
2026-06-29 18:43:00,386 - ERROR - ^
2026-06-29 18:43:00,386 - ERROR - ^
2026-06-29 18:43:00,386 - ERROR - ^
2026-06-29 18:43:00,386 - ERROR - ^
2026-06-29 18:43:00,386 - ERROR - ^
2026-06-29 18:43:00,386 - ERROR - ^
2026-06-29 18:43:00,386 - ERROR - ^
2026-06-29 18:43:00,386 - ERROR - ^
2026-06-29 18:43:00,386 - ERROR - ^
2026-06-29 18:43:00,386 - ERROR - ^
2026-06-29 18:43:00,386 - ERROR - ^
2026-06-29 18:43:00,386 - ERROR - ^
2026-06-29 18:43:00,386 - ERROR - ^
2026-06-29 18:43:00,386 - ERROR - ^
2026-06-29 18:43:00,386 - ERROR - ^
2026-06-29 18:43:00,386 - ERROR - ^
2026-06-29 18:43:00,386 - ERROR - ^
2026-06-29 18:43:00,386 - ERROR - ^
2026-06-29 18:43:00,386 - ERROR - ^
2026-06-29 18:43:00,386 - ERROR - ^
2026-06-29 18:43:00,386 - ERROR - ^
2026-06-29 18:43:00,386 - ERROR - ^
2026-06-29 18:43:00,386 - ERROR - ^
2026-06-29 18:43:00,386 - ERROR - ^
2026-06-29 18:43:00,386 - ERROR - ^
2026-06-29 18:43:00,386 - ERROR - ^
2026-06-29 18:43:00,386 - ERROR - ^
2026-06-29 18:43:00,386 - ERROR - ^
2026-06-29 18:43:00,386 - ERROR - ^
2026-06-29 18:43:00,386 - ERROR - ^
2026-06-29 18:43:00,386 - ERROR - ^
2026-06-29 18:43:00,386 - ERROR - ^
2026-06-29 18:43:00,386 - ERROR - ^
2026-06-29 18:43:00,386 - ERROR - ^
2026-06-29 18:43:00,386 - ERROR -   File "C:\Users\2422068\AppData\Local\Programs\Python\Python312\Lib\site-packages\pyaudio\__init__.py", line 570, in read
2026-06-29 18:43:00,402 - ERROR - return pa.read_stream(self._stream, num_frames,
2026-06-29 18:43:00,402 - ERROR - ^
2026-06-29 18:43:00,402 - ERROR - ^
2026-06-29 18:43:00,402 - ERROR - ^
2026-06-29 18:43:00,402 - ERROR - ^
2026-06-29 18:43:00,402 - ERROR - ^
2026-06-29 18:43:00,402 - ERROR - ^
2026-06-29 18:43:00,402 - ERROR - ^
2026-06-29 18:43:00,402 - ERROR - ^
2026-06-29 18:43:00,402 - ERROR - ^
2026-06-29 18:43:00,402 - ERROR - ^
2026-06-29 18:43:00,402 - ERROR - ^
2026-06-29 18:43:00,402 - ERROR - ^
2026-06-29 18:43:00,402 - ERROR - ^
2026-06-29 18:43:00,402 - ERROR - ^
2026-06-29 18:43:00,402 - ERROR - ^
2026-06-29 18:43:00,402 - ERROR - ^
2026-06-29 18:43:00,402 - ERROR - ^
2026-06-29 18:43:00,402 - ERROR - ^
2026-06-29 18:43:00,402 - ERROR - ^
2026-06-29 18:43:00,402 - ERROR - ^
2026-06-29 18:43:00,402 - ERROR - ^
2026-06-29 18:43:00,402 - ERROR - ^
2026-06-29 18:43:00,402 - ERROR - ^
2026-06-29 18:43:00,402 - ERROR - ^
2026-06-29 18:43:00,402 - ERROR - ^
2026-06-29 18:43:00,402 - ERROR - ^
2026-06-29 18:43:00,402 - ERROR - ^
2026-06-29 18:43:00,402 - ERROR - ^
2026-06-29 18:43:00,402 - ERROR - ^
2026-06-29 18:43:00,402 - ERROR - ^
2026-06-29 18:43:00,402 - ERROR - ^
2026-06-29 18:43:00,402 - ERROR - ^
2026-06-29 18:43:00,402 - ERROR - ^
2026-06-29 18:43:00,402 - ERROR - ^
2026-06-29 18:43:00,402 - ERROR - ^
2026-06-29 18:43:00,402 - ERROR - ^
2026-06-29 18:43:00,402 - ERROR - ^
2026-06-29 18:43:00,402 - ERROR - ^
2026-06-29 18:43:00,402 - ERROR - ^
2026-06-29 18:43:00,402 - ERROR - ^
2026-06-29 18:43:00,402 - ERROR - KeyboardInterrupt
2026-06-29 18:44:33,366 - INFO - [Listener] Calibrating microphone for ambient noise (1 second)...
2026-06-29 18:44:34,424 - INFO - [Listener] Listening for wake phrase: "wake up"
2026-06-29 18:44:34,424 - INFO - [Listener] Hold SPACE for 3 seconds to show Assistant.
2026-06-29 18:44:34,424 - INFO - [Listener] Press Ctrl+C to stop.

2026-06-29 18:44:39,687 - INFO - [Listener] Heard: wake up
2026-06-29 18:44:39,687 - INFO - [Listener] Wake phrase detected!
2026-06-29 18:44:39,687 - INFO - [Listener] Triggering http://127.0.0.1:5678/show ...
2026-06-29 18:44:41,689 - ERROR - [Listener] Failed to notify assistant. It might not be ready yet. Error: HTTPConnectionPool(host='127.0.0.1', port=5678): Max retries exceeded with url: /show (Caused by ConnectTimeoutError(<urllib3.connection.HTTPConnection object at 0x000001BBEC1F1BE0>, 'Connection to 127.0.0.1 timed out. (connect timeout=2)'))
2026-06-29 18:44:56,203 - INFO - [Listener] SPACE held for 3 seconds.
2026-06-29 18:44:56,203 - INFO - [Listener] Triggering http://127.0.0.1:5678/show ...
2026-06-29 18:44:58,211 - ERROR - [Listener] Failed to notify assistant. It might not be ready yet. Error: HTTPConnectionPool(host='127.0.0.1', port=5678): Max retries exceeded with url: /show (Caused by ConnectTimeoutError(<urllib3.connection.HTTPConnection object at 0x000001BBEC1F9A00>, 'Connection to 127.0.0.1 timed out. (connect timeout=2)'))
2026-06-29 18:45:01,668 - INFO - [Listener] SPACE held for 3 seconds.
2026-06-29 18:45:01,670 - INFO - [Listener] Triggering http://127.0.0.1:5678/show ...
2026-06-29 18:45:03,674 - ERROR - [Listener] Failed to notify assistant. It might not be ready yet. Error: HTTPConnectionPool(host='127.0.0.1', port=5678): Max retries exceeded with url: /show (Caused by ConnectTimeoutError(<urllib3.connection.HTTPConnection object at 0x000001BBEC1FADE0>, 'Connection to 127.0.0.1 timed out. (connect timeout=2)'))
2026-06-29 18:45:36,773 - INFO - [Listener] Heard: wake up
2026-06-29 18:45:36,773 - INFO - [Listener] Wake phrase detected!
2026-06-29 18:45:36,773 - INFO - [Listener] Triggering http://127.0.0.1:5678/show ...
2026-06-29 18:45:36,800 - INFO - [Listener] Response: 200
2026-06-29 18:45:52,162 - INFO - [Listener] Heard: wake up
2026-06-29 18:45:52,162 - INFO - [Listener] Wake phrase detected!
2026-06-29 18:45:52,162 - INFO - [Listener] Triggering http://127.0.0.1:5678/show ...
2026-06-29 18:45:52,179 - INFO - [Listener] Response: 200
2026-06-29 18:46:19,096 - INFO - [Listener] Heard: wake up
2026-06-29 18:46:19,096 - INFO - [Listener] Wake phrase detected!
2026-06-29 18:46:19,096 - INFO - [Listener] Triggering http://127.0.0.1:5678/show ...
2026-06-29 18:46:21,112 - ERROR - [Listener] Failed to notify assistant. It might not be ready yet. Error: HTTPConnectionPool(host='127.0.0.1', port=5678): Max retries exceeded with url: /show (Caused by ConnectTimeoutError(<urllib3.connection.HTTPConnection object at 0x000001BBEC20BE30>, 'Connection to 127.0.0.1 timed out. (connect timeout=2)'))
2026-06-29 19:03:59,112 - INFO - [Listener] Heard: christmas music
2026-06-29 19:08:48,010 - INFO - [Listener] Heard: completed
2026-06-29 19:14:13,338 - ERROR - Traceback (most recent call last):
2026-06-29 19:14:13,340 - ERROR -   File "C:\Users\2422068\Documents\Creation\siri_windows_edition\listener\listener.py", line 131, in <module>
2026-06-29 19:14:13,340 - ERROR -   File "C:\Users\2422068\Documents\Creation\siri_windows_edition\listener\listener.py", line 103, in listen_loop
2026-06-29 19:14:13,341 - ERROR -   File "C:\Users\2422068\AppData\Local\Programs\Python\Python312\Lib\site-packages\speech_recognition\__init__.py", line 462, in listen
2026-06-29 19:14:13,344 - ERROR - for a in result:
2026-06-29 19:14:13,345 - ERROR - ^
2026-06-29 19:14:13,345 - ERROR - ^
2026-06-29 19:14:13,345 - ERROR - ^
2026-06-29 19:14:13,345 - ERROR - ^
2026-06-29 19:14:13,345 - ERROR - ^
2026-06-29 19:14:13,345 - ERROR - ^
2026-06-29 19:14:13,345 - ERROR -   File "C:\Users\2422068\AppData\Local\Programs\Python\Python312\Lib\site-packages\speech_recognition\__init__.py", line 532, in _listen
2026-06-29 19:14:13,346 - ERROR - buffer = source.stream.read(source.CHUNK)
2026-06-29 19:14:13,346 - ERROR - ^
2026-06-29 19:14:13,346 - ERROR - ^
2026-06-29 19:14:13,346 - ERROR - ^
2026-06-29 19:14:13,346 - ERROR - ^
2026-06-29 19:14:13,346 - ERROR - ^
2026-06-29 19:14:13,346 - ERROR - ^
2026-06-29 19:14:13,346 - ERROR - ^
2026-06-29 19:14:13,346 - ERROR - ^
2026-06-29 19:14:13,346 - ERROR - ^
2026-06-29 19:14:13,347 - ERROR - ^
2026-06-29 19:14:13,347 - ERROR - ^
2026-06-29 19:14:13,347 - ERROR - ^
2026-06-29 19:14:13,347 - ERROR - ^
2026-06-29 19:14:13,347 - ERROR - ^
2026-06-29 19:14:13,347 - ERROR - ^
2026-06-29 19:14:13,347 - ERROR - ^
2026-06-29 19:14:13,347 - ERROR - ^
2026-06-29 19:14:13,347 - ERROR - ^
2026-06-29 19:14:13,347 - ERROR - ^
2026-06-29 19:14:13,347 - ERROR - ^
2026-06-29 19:14:13,347 - ERROR - ^
2026-06-29 19:14:13,347 - ERROR - ^
2026-06-29 19:14:13,347 - ERROR - ^
2026-06-29 19:14:13,347 - ERROR - ^
2026-06-29 19:14:13,347 - ERROR - ^
2026-06-29 19:14:13,347 - ERROR - ^
2026-06-29 19:14:13,347 - ERROR - ^
2026-06-29 19:14:13,347 - ERROR - ^
2026-06-29 19:14:13,347 - ERROR - ^
2026-06-29 19:14:13,347 - ERROR - ^
2026-06-29 19:14:13,347 - ERROR - ^
2026-06-29 19:14:13,347 - ERROR - ^
2026-06-29 19:14:13,347 - ERROR -   File "C:\Users\2422068\AppData\Local\Programs\Python\Python312\Lib\site-packages\speech_recognition\__init__.py", line 193, in read
2026-06-29 19:14:13,348 - ERROR - return self.pyaudio_stream.read(size, exception_on_overflow=False)
2026-06-29 19:14:13,348 - ERROR - ^
2026-06-29 19:14:13,348 - ERROR - ^
2026-06-29 19:14:13,348 - ERROR - ^
2026-06-29 19:14:13,348 - ERROR - ^
2026-06-29 19:14:13,348 - ERROR - ^
2026-06-29 19:14:13,348 - ERROR - ^
2026-06-29 19:14:13,348 - ERROR - ^
2026-06-29 19:14:13,348 - ERROR - ^
2026-06-29 19:14:13,348 - ERROR - ^
2026-06-29 19:14:13,348 - ERROR - ^
2026-06-29 19:14:13,348 - ERROR - ^
2026-06-29 19:14:13,348 - ERROR - ^
2026-06-29 19:14:13,348 - ERROR - ^
2026-06-29 19:14:13,348 - ERROR - ^
2026-06-29 19:14:13,348 - ERROR - ^
2026-06-29 19:14:13,348 - ERROR - ^
2026-06-29 19:14:13,348 - ERROR - ^
2026-06-29 19:14:13,348 - ERROR - ^
2026-06-29 19:14:13,348 - ERROR - ^
2026-06-29 19:14:13,348 - ERROR - ^
2026-06-29 19:14:13,348 - ERROR - ^
2026-06-29 19:14:13,349 - ERROR - ^
2026-06-29 19:14:13,349 - ERROR - ^
2026-06-29 19:14:13,349 - ERROR - ^
2026-06-29 19:14:13,349 - ERROR - ^
2026-06-29 19:14:13,349 - ERROR - ^
2026-06-29 19:14:13,349 - ERROR - ^
2026-06-29 19:14:13,349 - ERROR - ^
2026-06-29 19:14:13,349 - ERROR - ^
2026-06-29 19:14:13,349 - ERROR - ^
2026-06-29 19:14:13,349 - ERROR - ^
2026-06-29 19:14:13,349 - ERROR - ^
2026-06-29 19:14:13,349 - ERROR - ^
2026-06-29 19:14:13,349 - ERROR - ^
2026-06-29 19:14:13,349 - ERROR - ^
2026-06-29 19:14:13,349 - ERROR - ^
2026-06-29 19:14:13,349 - ERROR - ^
2026-06-29 19:14:13,349 - ERROR - ^
2026-06-29 19:14:13,349 - ERROR - ^
2026-06-29 19:14:13,349 - ERROR - ^
2026-06-29 19:14:13,349 - ERROR - ^
2026-06-29 19:14:13,349 - ERROR - ^
2026-06-29 19:14:13,349 - ERROR - ^
2026-06-29 19:14:13,349 - ERROR - ^
2026-06-29 19:14:13,349 - ERROR - ^
2026-06-29 19:14:13,349 - ERROR - ^
2026-06-29 19:14:13,350 - ERROR - ^
2026-06-29 19:14:13,350 - ERROR - ^
2026-06-29 19:14:13,350 - ERROR - ^
2026-06-29 19:14:13,350 - ERROR - ^
2026-06-29 19:14:13,350 - ERROR - ^
2026-06-29 19:14:13,350 - ERROR - ^
2026-06-29 19:14:13,350 - ERROR - ^
2026-06-29 19:14:13,350 - ERROR - ^
2026-06-29 19:14:13,350 - ERROR - ^
2026-06-29 19:14:13,350 - ERROR - ^
2026-06-29 19:14:13,350 - ERROR - ^
2026-06-29 19:14:13,350 - ERROR - ^
2026-06-29 19:14:13,350 - ERROR - ^
2026-06-29 19:14:13,350 - ERROR -   File "C:\Users\2422068\AppData\Local\Programs\Python\Python312\Lib\site-packages\pyaudio\__init__.py", line 570, in read
2026-06-29 19:14:13,351 - ERROR - return pa.read_stream(self._stream, num_frames,
2026-06-29 19:14:13,352 - ERROR - ^
2026-06-29 19:14:13,352 - ERROR - ^
2026-06-29 19:14:13,352 - ERROR - ^
2026-06-29 19:14:13,352 - ERROR - ^
2026-06-29 19:14:13,352 - ERROR - ^
2026-06-29 19:14:13,352 - ERROR - ^
2026-06-29 19:14:13,352 - ERROR - ^
2026-06-29 19:14:13,352 - ERROR - ^
2026-06-29 19:14:13,352 - ERROR - ^
2026-06-29 19:14:13,352 - ERROR - ^
2026-06-29 19:14:13,352 - ERROR - ^
2026-06-29 19:14:13,352 - ERROR - ^
2026-06-29 19:14:13,352 - ERROR - ^
2026-06-29 19:14:13,352 - ERROR - ^
2026-06-29 19:14:13,352 - ERROR - ^
2026-06-29 19:14:13,352 - ERROR - ^
2026-06-29 19:14:13,352 - ERROR - ^
2026-06-29 19:14:13,352 - ERROR - ^
2026-06-29 19:14:13,352 - ERROR - ^
2026-06-29 19:14:13,352 - ERROR - ^
2026-06-29 19:14:13,352 - ERROR - ^
2026-06-29 19:14:13,352 - ERROR - ^
2026-06-29 19:14:13,352 - ERROR - ^
2026-06-29 19:14:13,352 - ERROR - ^
2026-06-29 19:14:13,352 - ERROR - ^
2026-06-29 19:14:13,352 - ERROR - ^
2026-06-29 19:14:13,352 - ERROR - ^
2026-06-29 19:14:13,352 - ERROR - ^
2026-06-29 19:14:13,352 - ERROR - ^
2026-06-29 19:14:13,352 - ERROR - ^
2026-06-29 19:14:13,353 - ERROR - ^
2026-06-29 19:14:13,353 - ERROR - ^
2026-06-29 19:14:13,353 - ERROR - ^
2026-06-29 19:14:13,353 - ERROR - ^
2026-06-29 19:14:13,353 - ERROR - ^
2026-06-29 19:14:13,353 - ERROR - ^
2026-06-29 19:14:13,353 - ERROR - ^
2026-06-29 19:14:13,353 - ERROR - ^
2026-06-29 19:14:13,353 - ERROR - ^
2026-06-29 19:14:13,353 - ERROR - ^
2026-06-29 19:14:13,353 - ERROR - KeyboardInterrupt
